  Arena.cpp
  ClientInterface.cpp
  NetworkPlayer.cpp
  Player.cpp
C:\Users\frase\Documents\GitHub\CMP303-assignment\CMP303-assignment\Player.cpp(7,12): warning C4244: 'argument': conversion from 'time_t' to 'unsigned int', possible loss of data
C:\Users\frase\Documents\GitHub\CMP303-assignment\CMP303-assignment\Player.cpp(20,35): warning C4244: 'argument': conversion from 'int' to 'T', possible loss of data
          with
          [
              T=float
          ]
C:\Users\frase\Documents\GitHub\CMP303-assignment\CMP303-assignment\Player.cpp(20,27): warning C4244: 'argument': conversion from 'int' to 'T', possible loss of data
          with
          [
              T=float
          ]
C:\Users\frase\Documents\GitHub\CMP303-assignment\CMP303-assignment\Player.cpp(21,52): warning C4244: 'argument': conversion from 'const T' to 'T', possible loss of data
          with
          [
              T=float
          ]
          and
          [
              T=int
          ]
C:\Users\frase\Documents\GitHub\CMP303-assignment\CMP303-assignment\Player.cpp(21,35): warning C4244: 'argument': conversion from 'const T' to 'T', possible loss of data
          with
          [
              T=float
          ]
          and
          [
              T=int
          ]
C:\Users\frase\Documents\GitHub\CMP303-assignment\CMP303-assignment\Player.cpp(43,11): warning C4244: 'initializing': conversion from 'int' to 'float', possible loss of data
C:\Users\frase\Documents\GitHub\CMP303-assignment\CMP303-assignment\Player.cpp(44,11): warning C4244: 'initializing': conversion from 'int' to 'float', possible loss of data
C:\Users\frase\Documents\GitHub\CMP303-assignment\CMP303-assignment\Player.cpp(48,87): warning C4244: 'argument': conversion from 'int' to 'T', possible loss of data
          with
          [
              T=float
          ]
C:\Users\frase\Documents\GitHub\CMP303-assignment\CMP303-assignment\Player.cpp(48,67): warning C4244: 'argument': conversion from 'int' to 'T', possible loss of data
          with
          [
              T=float
          ]
C:\Users\frase\Documents\GitHub\CMP303-assignment\CMP303-assignment\Player.cpp(50,48): warning C4244: '=': conversion from 'double' to 'float', possible loss of data
C:\Users\frase\Documents\GitHub\CMP303-assignment\CMP303-assignment\Player.cpp(51,34): warning C4244: '=': conversion from 'double' to 'float', possible loss of data
C:\Users\frase\Documents\GitHub\CMP303-assignment\CMP303-assignment\Player.cpp(76,49): warning C4244: 'argument': conversion from 'const T' to 'T', possible loss of data
          with
          [
              T=float
          ]
          and
          [
              T=int
          ]
C:\Users\frase\Documents\GitHub\CMP303-assignment\CMP303-assignment\Player.cpp(76,32): warning C4244: 'argument': conversion from 'const T' to 'T', possible loss of data
          with
          [
              T=float
          ]
          and
          [
              T=int
          ]
C:\Users\frase\Documents\GitHub\CMP303-assignment\CMP303-assignment\Player.cpp(92,25): warning C4244: '=': conversion from 'double' to 'float', possible loss of data
C:\Users\frase\Documents\GitHub\CMP303-assignment\CMP303-assignment\Player.cpp(115,32): warning C4244: 'argument': conversion from 'T' to 'T', possible loss of data
          with
          [
              T=float
          ]
          and
          [
              T=int
          ]
C:\Users\frase\Documents\GitHub\CMP303-assignment\CMP303-assignment\Player.cpp(115,25): warning C4244: 'argument': conversion from 'T' to 'T', possible loss of data
          with
          [
              T=float
          ]
          and
          [
              T=int
          ]
  main.cpp
  Generating Code...
  CMP303-assignment.vcxproj -> C:\Users\frase\Documents\GitHub\CMP303-assignment\x64\Debug\CMP303-assignment.exe
